[17:01:25] [main/INFO]: Environment: authHost='https://authserver.mojang.com', accountsHost='https://api.mojang.com', sessionHost='https://sessionserver.mojang.com', name='PROD'
[17:01:26] [main/INFO]: Reloading ResourceManager: Default, bukkit
[17:01:26] [Worker-Main-6/INFO]: Loaded 7 recipes
[17:01:28] [Server thread/INFO]: Starting minecraft server version 1.16.2
[17:01:28] [Server thread/INFO]: Loading properties
[17:01:29] [Server thread/INFO]: This server is running CraftBukkit version git-Spigot-379750e-43c7ff9 (MC: 1.16.2) (Implementing API version 1.16.2-R0.1-SNAPSHOT)
[17:01:29] [Server thread/INFO]: Debug logging is disabled
[17:01:29] [Server thread/INFO]: Server Ping Player Sample Count: 12
[17:01:29] [Server thread/INFO]: Using 4 threads for Netty based IO
[17:01:29] [Server thread/INFO]: Default game type: SURVIVAL
[17:01:29] [Server thread/INFO]: Generating keypair
[17:01:29] [Server thread/INFO]: Starting Minecraft server on *:25565
[17:01:29] [Server thread/INFO]: Using default channel type
[17:01:32] [Server thread/INFO]: [Jecon] Loading Jecon v2.2.0
[17:01:32] [Server thread/INFO]: [Jecon] Enabling Jecon v2.2.0
[17:01:32] [Server thread/INFO]: [Jecon] Use SQLite
[17:01:32] [Server thread/INFO]: jecon-hikari - Starting...
[17:01:33] [Server thread/INFO]: jecon-hikari - Start completed.
[17:01:33] [Server thread/WARN]: **** SERVER IS RUNNING IN OFFLINE/INSECURE MODE!
[17:01:33] [Server thread/WARN]: The server will make no attempt to authenticate usernames. Beware.
[17:01:33] [Server thread/WARN]: While this makes the game possible to play without internet access, it also opens up the ability for hackers to connect with any username they choose.
[17:01:33] [Server thread/WARN]: To change this, set "online-mode" to "true" in the server.properties file.
[17:01:33] [Server thread/INFO]: Preparing level "world"
[17:01:33] [Server thread/INFO]: -------- World Settings For [world] --------
[17:01:33] [Server thread/INFO]: Allow Zombie Pigmen to spawn from portal blocks: true
[17:01:33] [Server thread/INFO]: Entity Tracking Range: Pl 48 / An 48 / Mo 48 / Mi 32 / Other 64
[17:01:33] [Server thread/INFO]: Item Merge Radius: 2.5
[17:01:33] [Server thread/INFO]: Item Despawn Rate: 6000
[17:01:33] [Server thread/INFO]: View Distance: 10
[17:01:33] [Server thread/INFO]: Arrow Despawn Rate: 1200 Trident Respawn Rate:1200
[17:01:33] [Server thread/INFO]: Nerfing mobs spawned from spawners: false
[17:01:33] [Server thread/INFO]: Zombie Aggressive Towards Villager: true
[17:01:33] [Server thread/INFO]: Custom Map Seeds:  Village: 10387312 Desert: 14357617 Igloo: 14357618 Jungle: 14357619 Swamp: 14357620 Monument: 10387313 Ocean: 14357621 Shipwreck: 165745295 End City: 10387313 Slime: 987234911 Bastion: 30084232 Fortress: 30084232 Mansion: 10387319 Fossil: 14357921 Portal: 34222645
[17:01:33] [Server thread/INFO]: Mob Spawn Range: 6
[17:01:33] [Server thread/INFO]: Cactus Growth Modifier: 100%
[17:01:33] [Server thread/INFO]: Cane Growth Modifier: 100%
[17:01:33] [Server thread/INFO]: Melon Growth Modifier: 100%
[17:01:33] [Server thread/INFO]: Mushroom Growth Modifier: 100%
[17:01:33] [Server thread/INFO]: Pumpkin Growth Modifier: 100%
[17:01:33] [Server thread/INFO]: Sapling Growth Modifier: 100%
[17:01:33] [Server thread/INFO]: Beetroot Growth Modifier: 100%
[17:01:33] [Server thread/INFO]: Carrot Growth Modifier: 100%
[17:01:33] [Server thread/INFO]: Potato Growth Modifier: 100%
[17:01:33] [Server thread/INFO]: Wheat Growth Modifier: 100%
[17:01:33] [Server thread/INFO]: NetherWart Growth Modifier: 100%
[17:01:33] [Server thread/INFO]: Vine Growth Modifier: 100%
[17:01:33] [Server thread/INFO]: Cocoa Growth Modifier: 100%
[17:01:33] [Server thread/INFO]: Bamboo Growth Modifier: 100%
[17:01:33] [Server thread/INFO]: SweetBerry Growth Modifier: 100%
[17:01:33] [Server thread/INFO]: Kelp Growth Modifier: 100%
[17:01:33] [Server thread/INFO]: Entity Activation Range: An 32 / Mo 32 / Ra 48 / Mi 16 / Tiv true
[17:01:33] [Server thread/INFO]: Max TNT Explosions: 100
[17:01:33] [Server thread/INFO]: Tile Max Tick Time: 50ms Entity max Tick Time: 50ms
[17:01:33] [Server thread/INFO]: Experience Merge Radius: 3.0
[17:01:33] [Server thread/INFO]: Hopper Transfer: 8 Hopper Check: 1 Hopper Amount: 1
[17:01:33] [Server thread/INFO]: -------- World Settings For [world_nether] --------
[17:01:33] [Server thread/INFO]: Allow Zombie Pigmen to spawn from portal blocks: true
[17:01:33] [Server thread/INFO]: Entity Tracking Range: Pl 48 / An 48 / Mo 48 / Mi 32 / Other 64
[17:01:33] [Server thread/INFO]: Item Merge Radius: 2.5
[17:01:33] [Server thread/INFO]: Item Despawn Rate: 6000
[17:01:33] [Server thread/INFO]: View Distance: 10
[17:01:33] [Server thread/INFO]: Arrow Despawn Rate: 1200 Trident Respawn Rate:1200
[17:01:33] [Server thread/INFO]: Nerfing mobs spawned from spawners: false
[17:01:33] [Server thread/INFO]: Zombie Aggressive Towards Villager: true
[17:01:33] [Server thread/INFO]: Custom Map Seeds:  Village: 10387312 Desert: 14357617 Igloo: 14357618 Jungle: 14357619 Swamp: 14357620 Monument: 10387313 Ocean: 14357621 Shipwreck: 165745295 End City: 10387313 Slime: 987234911 Bastion: 30084232 Fortress: 30084232 Mansion: 10387319 Fossil: 14357921 Portal: 34222645
[17:01:33] [Server thread/INFO]: Mob Spawn Range: 6
[17:01:33] [Server thread/INFO]: Cactus Growth Modifier: 100%
[17:01:33] [Server thread/INFO]: Cane Growth Modifier: 100%
[17:01:33] [Server thread/INFO]: Melon Growth Modifier: 100%
[17:01:33] [Server thread/INFO]: Mushroom Growth Modifier: 100%
[17:01:33] [Server thread/INFO]: Pumpkin Growth Modifier: 100%
[17:01:33] [Server thread/INFO]: Sapling Growth Modifier: 100%
[17:01:33] [Server thread/INFO]: Beetroot Growth Modifier: 100%
[17:01:33] [Server thread/INFO]: Carrot Growth Modifier: 100%
[17:01:33] [Server thread/INFO]: Potato Growth Modifier: 100%
[17:01:33] [Server thread/INFO]: Wheat Growth Modifier: 100%
[17:01:33] [Server thread/INFO]: NetherWart Growth Modifier: 100%
[17:01:33] [Server thread/INFO]: Vine Growth Modifier: 100%
[17:01:33] [Server thread/INFO]: Cocoa Growth Modifier: 100%
[17:01:33] [Server thread/INFO]: Bamboo Growth Modifier: 100%
[17:01:33] [Server thread/INFO]: SweetBerry Growth Modifier: 100%
[17:01:33] [Server thread/INFO]: Kelp Growth Modifier: 100%
[17:01:33] [Server thread/INFO]: Entity Activation Range: An 32 / Mo 32 / Ra 48 / Mi 16 / Tiv true
[17:01:33] [Server thread/INFO]: Max TNT Explosions: 100
[17:01:33] [Server thread/INFO]: Tile Max Tick Time: 50ms Entity max Tick Time: 50ms
[17:01:33] [Server thread/INFO]: Experience Merge Radius: 3.0
[17:01:33] [Server thread/INFO]: Hopper Transfer: 8 Hopper Check: 1 Hopper Amount: 1
[17:01:34] [Server thread/INFO]: -------- World Settings For [world_the_end] --------
[17:01:34] [Server thread/INFO]: Allow Zombie Pigmen to spawn from portal blocks: true
[17:01:34] [Server thread/INFO]: Entity Tracking Range: Pl 48 / An 48 / Mo 48 / Mi 32 / Other 64
[17:01:34] [Server thread/INFO]: Item Merge Radius: 2.5
[17:01:34] [Server thread/INFO]: Item Despawn Rate: 6000
[17:01:34] [Server thread/INFO]: View Distance: 10
[17:01:34] [Server thread/INFO]: Arrow Despawn Rate: 1200 Trident Respawn Rate:1200
[17:01:34] [Server thread/INFO]: Nerfing mobs spawned from spawners: false
[17:01:34] [Server thread/INFO]: Zombie Aggressive Towards Villager: true
[17:01:34] [Server thread/INFO]: Custom Map Seeds:  Village: 10387312 Desert: 14357617 Igloo: 14357618 Jungle: 14357619 Swamp: 14357620 Monument: 10387313 Ocean: 14357621 Shipwreck: 165745295 End City: 10387313 Slime: 987234911 Bastion: 30084232 Fortress: 30084232 Mansion: 10387319 Fossil: 14357921 Portal: 34222645
[17:01:34] [Server thread/INFO]: Mob Spawn Range: 6
[17:01:34] [Server thread/INFO]: Cactus Growth Modifier: 100%
[17:01:34] [Server thread/INFO]: Cane Growth Modifier: 100%
[17:01:34] [Server thread/INFO]: Melon Growth Modifier: 100%
[17:01:34] [Server thread/INFO]: Mushroom Growth Modifier: 100%
[17:01:34] [Server thread/INFO]: Pumpkin Growth Modifier: 100%
[17:01:34] [Server thread/INFO]: Sapling Growth Modifier: 100%
[17:01:34] [Server thread/INFO]: Beetroot Growth Modifier: 100%
[17:01:34] [Server thread/INFO]: Carrot Growth Modifier: 100%
[17:01:34] [Server thread/INFO]: Potato Growth Modifier: 100%
[17:01:34] [Server thread/INFO]: Wheat Growth Modifier: 100%
[17:01:34] [Server thread/INFO]: NetherWart Growth Modifier: 100%
[17:01:34] [Server thread/INFO]: Vine Growth Modifier: 100%
[17:01:34] [Server thread/INFO]: Cocoa Growth Modifier: 100%
[17:01:34] [Server thread/INFO]: Bamboo Growth Modifier: 100%
[17:01:34] [Server thread/INFO]: SweetBerry Growth Modifier: 100%
[17:01:34] [Server thread/INFO]: Kelp Growth Modifier: 100%
[17:01:34] [Server thread/INFO]: Entity Activation Range: An 32 / Mo 32 / Ra 48 / Mi 16 / Tiv true
[17:01:34] [Server thread/INFO]: Max TNT Explosions: 100
[17:01:34] [Server thread/INFO]: Tile Max Tick Time: 50ms Entity max Tick Time: 50ms
[17:01:34] [Server thread/INFO]: Experience Merge Radius: 3.0
[17:01:34] [Server thread/INFO]: Hopper Transfer: 8 Hopper Check: 1 Hopper Amount: 1
[17:01:34] [Server thread/INFO]: Preparing start region for dimension minecraft:overworld
[17:01:35] [Server thread/INFO]: Preparing spawn area: 0%
[17:01:35] [Server thread/INFO]: Preparing spawn area: 0%
[17:01:35] [Server thread/INFO]: Preparing spawn area: 0%
[17:01:35] [Server thread/INFO]: Preparing spawn area: 0%
[17:01:36] [Server thread/INFO]: Preparing spawn area: 0%
[17:01:36] [Server thread/INFO]: Preparing spawn area: 64%
[17:01:43] [Worker-Main-7/INFO]: Preparing spawn area: 83%
[17:01:43] [Worker-Main-8/INFO]: Preparing spawn area: 83%
[17:01:43] [Worker-Main-8/INFO]: Preparing spawn area: 83%
[17:01:43] [Worker-Main-8/INFO]: Preparing spawn area: 83%
[17:01:43] [Worker-Main-8/INFO]: Preparing spawn area: 83%
[17:01:43] [Worker-Main-7/INFO]: Preparing spawn area: 83%
[17:01:43] [Worker-Main-8/INFO]: Preparing spawn area: 83%
[17:01:43] [Worker-Main-7/INFO]: Preparing spawn area: 83%
[17:01:43] [Worker-Main-8/INFO]: Preparing spawn area: 83%
[17:01:43] [Worker-Main-8/INFO]: Preparing spawn area: 83%
[17:01:43] [Worker-Main-7/INFO]: Preparing spawn area: 83%
[17:01:43] [Worker-Main-8/INFO]: Preparing spawn area: 83%
[17:01:43] [Worker-Main-7/INFO]: Preparing spawn area: 83%
[17:01:43] [Worker-Main-8/INFO]: Preparing spawn area: 83%
[17:01:44] [Worker-Main-8/INFO]: Preparing spawn area: 99%
[17:01:44] [Server thread/INFO]: Time elapsed: 10220 ms
[17:01:44] [Server thread/INFO]: Preparing start region for dimension minecraft:the_nether
[17:01:45] [Server thread/INFO]: Preparing spawn area: 0%
[17:01:45] [Server thread/INFO]: Preparing spawn area: 0%
[17:01:45] [Server thread/INFO]: Preparing spawn area: 0%
[17:01:45] [Worker-Main-7/INFO]: Preparing spawn area: 0%
[17:01:46] [Worker-Main-7/INFO]: Preparing spawn area: 83%
[17:01:46] [Worker-Main-4/INFO]: Preparing spawn area: 83%
[17:01:47] [Worker-Main-8/INFO]: Preparing spawn area: 83%
[17:01:47] [Worker-Main-7/INFO]: Preparing spawn area: 83%
[17:01:48] [Worker-Main-7/INFO]: Preparing spawn area: 83%
[17:01:48] [Worker-Main-4/INFO]: Preparing spawn area: 83%
[17:01:49] [Worker-Main-8/INFO]: Preparing spawn area: 83%
[17:01:49] [Worker-Main-7/INFO]: Preparing spawn area: 83%
[17:01:50] [Worker-Main-4/INFO]: Preparing spawn area: 89%
[17:01:50] [Worker-Main-7/INFO]: Preparing spawn area: 89%
[17:01:51] [Worker-Main-8/INFO]: Preparing spawn area: 93%
[17:01:51] [Worker-Main-4/INFO]: Preparing spawn area: 93%
[17:01:52] [Server thread/INFO]: Preparing spawn area: 99%
[17:01:52] [Server thread/INFO]: Time elapsed: 8027 ms
[17:01:52] [Server thread/INFO]: Preparing start region for dimension minecraft:the_end
[17:01:52] [Server thread/INFO]: Preparing spawn area: 0%
[17:01:52] [Worker-Main-7/INFO]: Preparing spawn area: 83%
[17:01:53] [Worker-Main-8/INFO]: Preparing spawn area: 83%
[17:01:53] [Worker-Main-4/INFO]: Preparing spawn area: 95%
[17:01:53] [Server thread/INFO]: Time elapsed: 1595 ms
[17:01:53] [Server thread/INFO]: Server permissions file permissions.yml is empty, ignoring it
[17:01:53] [Server thread/INFO]: Done (20.238s)! For help, type "help"
[17:02:29] [User Authenticator #1/INFO]: UUID of player Darujiizan is f71195bc-9344-32f0-9bf0-80a750f10c77
[17:02:30] [Server thread/INFO]: Darujiizan[/0:0:0:0:0:0:0:1:61616] logged in with entity id 337 at ([world]-238.69813678498627, 86.66035550225898, -93.0590786319403)
[17:02:50] [Server thread/INFO]: Darujiizan issued server command: /money
[17:03:15] [Server thread/INFO]: Stopping the server
[17:03:15] [Server thread/INFO]: Stopping server
[17:03:15] [Server thread/INFO]: [Jecon] Disabling Jecon v2.2.0
[17:03:15] [Server thread/INFO]: [Jecon] Save balance
[17:03:15] [Server thread/INFO]: jecon-hikari - Shutdown initiated...
[17:03:15] [Server thread/INFO]: jecon-hikari - Shutdown completed.
[17:03:15] [Server thread/INFO]: Saving players
[17:03:15] [Server thread/INFO]: Darujiizan lost connection: Server closed
[17:03:15] [Server thread/INFO]: Darujiizan left the game
[17:03:15] [Server thread/INFO]: Saving worlds
[17:03:15] [Server thread/INFO]: Saving chunks for level 'ServerLevel[world]'/minecraft:overworld
[17:03:16] [Server thread/INFO]: ThreadedAnvilChunkStorage (world): All chunks are saved
[17:03:16] [Server thread/INFO]: Saving chunks for level 'ServerLevel[world_nether]'/minecraft:the_nether
[17:03:18] [Server thread/INFO]: ThreadedAnvilChunkStorage (DIM-1): All chunks are saved
[17:03:18] [Server thread/INFO]: Saving chunks for level 'ServerLevel[world_the_end]'/minecraft:the_end
[17:03:19] [Server thread/INFO]: ThreadedAnvilChunkStorage (DIM1): All chunks are saved
[17:03:19] [Server thread/INFO]: ThreadedAnvilChunkStorage (world): All chunks are saved
[17:03:19] [Server thread/INFO]: ThreadedAnvilChunkStorage (DIM-1): All chunks are saved
[17:03:19] [Server thread/INFO]: ThreadedAnvilChunkStorage (DIM1): All chunks are saved
